<?xml version="1.0" encoding="UTF-8"?>
<!-- Generated by org.testng.reporters.JUnitReportReporter -->
<testsuite hostname="DESKTOP-6JBQF5N" failures="0" tests="1" name="tests.PDFReaderTest" time="1.386" errors="0" timestamp="2024-03-15T21:05:11 IST" skipped="0">
  <testcase classname="tests.PDFReaderTest" name="pdfReaderTest" time="1.386"/>
  <system-out/>
</testsuite> <!-- tests.PDFReaderTest -->
